<?xml version="1.0" encoding="UTF-8"?>
<!-- Generated by org.testng.reporters.JUnitReportReporter -->
<testsuite hostname="DESKTOP-PHPMBLS" failures="0" tests="1" name="scripts.elorusLoginScript" time="9.478" errors="0" timestamp="2024-11-24T12:02:47 IST" skipped="0">
  <testcase classname="scripts.elorusLoginScript" name="elorusLogin_Script" time="9.478"/>
  <system-out/>
</testsuite> <!-- scripts.elorusLoginScript -->
