<?xml version="1.0" encoding="UTF-8"?>
<!-- Generated by org.testng.reporters.JUnitReportReporter -->
<testsuite hostname="DESKTOP-PHPMBLS" failures="0" tests="1" name="testcases.TC_01_Account_Registration" time="5.029" errors="0" timestamp="2024-12-23T19:51:38 IST" skipped="0">
  <testcase classname="testcases.TC_01_Account_Registration" name="verify_Registration" time="5.029"/>
  <system-out/>
</testsuite> <!-- testcases.TC_01_Account_Registration -->
