<?xml version="1.0" encoding="UTF-8"?>
<!-- Generated by org.testng.reporters.JUnitReportReporter -->
<testsuite hostname="DESKTOP-PHPMBLS" failures="0" tests="1" name="testcases.TC_03_AddToCart" time="16.261" errors="0" timestamp="2024-12-24T20:27:56 IST" skipped="0">
  <testcase classname="testcases.TC_03_AddToCart" name="verify_AddToCart" time="16.261"/>
  <system-out/>
</testsuite> <!-- testcases.TC_03_AddToCart -->
